mode: set
web-analyzer/internal/server/handlers.go:28.52,31.2 2 0
web-analyzer/internal/server/handlers.go:34.55,35.32 1 0
web-analyzer/internal/server/handlers.go:35.32,38.3 2 0
web-analyzer/internal/server/handlers.go:39.2,39.49 1 0
web-analyzer/internal/server/handlers.go:39.49,41.3 1 0
web-analyzer/internal/server/handlers.go:45.64,46.33 1 0
web-analyzer/internal/server/handlers.go:46.33,49.3 2 0
web-analyzer/internal/server/handlers.go:51.2,52.19 2 0
web-analyzer/internal/server/handlers.go:52.19,55.3 2 0
web-analyzer/internal/server/handlers.go:57.2,57.54 1 0
web-analyzer/internal/server/handlers.go:57.54,61.3 3 0
web-analyzer/internal/server/handlers.go:64.2,68.16 3 0
web-analyzer/internal/server/handlers.go:68.16,71.3 2 0
web-analyzer/internal/server/handlers.go:72.2,88.58 6 0
web-analyzer/internal/server/handlers.go:88.58,90.3 1 0
web-analyzer/internal/server/handlers.go:93.61,97.2 2 0
web-analyzer/internal/server/middleware.go:16.48,17.71 1 0
web-analyzer/internal/server/middleware.go:17.71,21.39 4 0
web-analyzer/internal/server/middleware.go:21.39,25.4 3 0
web-analyzer/internal/server/middleware.go:26.3,29.23 3 0
web-analyzer/internal/server/middleware.go:33.56,34.71 1 0
web-analyzer/internal/server/middleware.go:34.71,43.3 5 0
web-analyzer/internal/server/middleware.go:46.64,47.54 1 0
web-analyzer/internal/server/middleware.go:47.54,48.16 1 0
web-analyzer/internal/server/middleware.go:48.16,49.36 1 0
web-analyzer/internal/server/middleware.go:49.36,52.5 2 0
web-analyzer/internal/server/middleware.go:54.3,54.13 1 0
web-analyzer/internal/server/middleware.go:59.89,60.33 1 0
web-analyzer/internal/server/middleware.go:60.33,62.3 1 0
web-analyzer/internal/server/middleware.go:63.2,63.10 1 0
web-analyzer/internal/server/middleware.go:66.59,67.54 1 0
web-analyzer/internal/server/middleware.go:67.54,68.16 1 0
web-analyzer/internal/server/middleware.go:68.16,69.36 1 0
web-analyzer/internal/server/middleware.go:69.36,71.5 1 0
web-analyzer/internal/server/middleware.go:73.3,73.13 1 0
web-analyzer/cmd/webanalyzer/main.go:32.13,35.16 2 0
web-analyzer/cmd/webanalyzer/main.go:35.16,37.3 1 0
web-analyzer/cmd/webanalyzer/main.go:38.2,41.51 1 0
web-analyzer/cmd/webanalyzer/main.go:41.51,43.5 1 0
web-analyzer/cmd/webanalyzer/main.go:46.2,46.16 1 0
web-analyzer/cmd/webanalyzer/main.go:46.16,48.3 1 0
web-analyzer/cmd/webanalyzer/main.go:51.2,63.64 8 0
web-analyzer/cmd/webanalyzer/main.go:63.64,65.3 1 0
web-analyzer/internal/analyzer/analyzer.go:34.36,36.2 1 1
web-analyzer/internal/analyzer/analyzer.go:57.40,59.56 2 1
web-analyzer/internal/analyzer/analyzer.go:59.56,61.3 1 1
web-analyzer/internal/analyzer/analyzer.go:62.2,62.13 1 1
web-analyzer/internal/analyzer/analyzer.go:66.51,69.16 3 1
web-analyzer/internal/analyzer/analyzer.go:69.16,71.3 1 1
web-analyzer/internal/analyzer/analyzer.go:73.2,75.16 3 1
web-analyzer/internal/analyzer/analyzer.go:75.16,77.3 1 1
web-analyzer/internal/analyzer/analyzer.go:78.2,80.38 2 1
web-analyzer/internal/analyzer/analyzer.go:80.38,82.3 1 1
web-analyzer/internal/analyzer/analyzer.go:84.2,85.16 2 1
web-analyzer/internal/analyzer/analyzer.go:85.16,87.3 1 0
web-analyzer/internal/analyzer/analyzer.go:89.2,92.16 3 1
web-analyzer/internal/analyzer/analyzer.go:92.16,94.3 1 0
web-analyzer/internal/analyzer/analyzer.go:96.2,104.20 4 1
web-analyzer/internal/analyzer/analyzer.go:107.44,110.24 2 1
web-analyzer/internal/analyzer/analyzer.go:110.24,112.3 1 1
web-analyzer/internal/analyzer/analyzer.go:115.2,115.9 1 1
web-analyzer/internal/analyzer/analyzer.go:116.52,117.17 1 1
web-analyzer/internal/analyzer/analyzer.go:118.59,119.34 1 1
web-analyzer/internal/analyzer/analyzer.go:120.50,121.28 1 1
web-analyzer/internal/analyzer/analyzer.go:122.53,123.28 1 1
web-analyzer/internal/analyzer/analyzer.go:124.59,125.34 1 1
web-analyzer/internal/analyzer/analyzer.go:128.2,129.65 2 1
web-analyzer/internal/analyzer/analyzer.go:129.65,131.3 1 1
web-analyzer/internal/analyzer/analyzer.go:133.2,133.36 1 1
web-analyzer/internal/analyzer/analyzer.go:136.47,137.28 1 1
web-analyzer/internal/analyzer/analyzer.go:137.28,138.18 1 1
web-analyzer/internal/analyzer/analyzer.go:138.18,140.4 1 1
web-analyzer/internal/analyzer/analyzer.go:142.2,142.14 1 1
web-analyzer/internal/analyzer/analyzer.go:145.42,148.31 3 1
web-analyzer/internal/analyzer/analyzer.go:148.31,149.30 1 1
web-analyzer/internal/analyzer/analyzer.go:149.30,151.4 1 1
web-analyzer/internal/analyzer/analyzer.go:152.3,152.54 1 1
web-analyzer/internal/analyzer/analyzer.go:152.54,154.4 1 1
web-analyzer/internal/analyzer/analyzer.go:156.2,157.25 2 1
web-analyzer/internal/analyzer/analyzer.go:161.66,167.16 5 1
web-analyzer/internal/analyzer/analyzer.go:167.16,169.120 2 1
web-analyzer/internal/analyzer/analyzer.go:171.2,174.28 3 1
web-analyzer/internal/analyzer/analyzer.go:174.28,175.33 1 1
web-analyzer/internal/analyzer/analyzer.go:175.33,176.18 1 1
web-analyzer/internal/analyzer/analyzer.go:177.17,178.28 1 1
web-analyzer/internal/analyzer/analyzer.go:178.28,180.6 1 1
web-analyzer/internal/analyzer/analyzer.go:181.13,182.33 1 1
web-analyzer/internal/analyzer/analyzer.go:182.33,183.28 1 1
web-analyzer/internal/analyzer/analyzer.go:183.28,185.39 2 1
web-analyzer/internal/analyzer/analyzer.go:185.39,186.16 1 1
web-analyzer/internal/analyzer/analyzer.go:188.7,194.31 6 1
web-analyzer/internal/analyzer/analyzer.go:194.31,196.8 1 1
web-analyzer/internal/analyzer/analyzer.go:196.13,198.8 1 1
web-analyzer/internal/analyzer/analyzer.go:201.17,202.33 1 1
web-analyzer/internal/analyzer/analyzer.go:202.33,203.71 1 1
web-analyzer/internal/analyzer/analyzer.go:203.71,205.7 1 1
web-analyzer/internal/analyzer/analyzer.go:207.12,208.39 1 1
web-analyzer/internal/analyzer/analyzer.go:208.39,213.6 1 1
web-analyzer/internal/analyzer/analyzer.go:218.3,218.54 1 1
web-analyzer/internal/analyzer/analyzer.go:218.54,220.4 1 1
web-analyzer/internal/analyzer/analyzer.go:222.2,225.50 3 1
web-analyzer/internal/analyzer/analyzer.go:228.101,231.16 3 1
web-analyzer/internal/analyzer/analyzer.go:231.16,232.20 1 1
web-analyzer/internal/analyzer/analyzer.go:232.20,234.4 1 1
web-analyzer/internal/analyzer/analyzer.go:235.3,235.15 1 1
web-analyzer/internal/analyzer/analyzer.go:238.2,239.16 2 1
web-analyzer/internal/analyzer/analyzer.go:239.16,240.20 1 1
web-analyzer/internal/analyzer/analyzer.go:240.20,242.4 1 1
web-analyzer/internal/analyzer/analyzer.go:243.3,243.15 1 1
web-analyzer/internal/analyzer/analyzer.go:245.2,247.56 2 1
web-analyzer/internal/analyzer/analyzer.go:250.116,255.29 4 1
web-analyzer/internal/analyzer/analyzer.go:255.29,257.27 2 1
web-analyzer/internal/analyzer/analyzer.go:257.27,260.17 3 1
web-analyzer/internal/analyzer/analyzer.go:260.17,260.26 1 1
web-analyzer/internal/analyzer/analyzer.go:262.4,265.10 3 1
web-analyzer/internal/analyzer/analyzer.go:265.10,267.5 1 0
web-analyzer/internal/analyzer/analyzer.go:267.10,269.5 1 1
web-analyzer/internal/analyzer/analyzer.go:270.4,270.15 1 1
web-analyzer/internal/analyzer/analyzer.go:274.2,275.8 2 1
web-analyzer/internal/analyzer/analyzer.go:278.47,281.29 2 1
web-analyzer/internal/analyzer/analyzer.go:281.29,283.3 1 1
web-analyzer/internal/analyzer/analyzer.go:285.2,286.35 2 1
web-analyzer/internal/analyzer/analyzer.go:286.35,292.3 1 1
web-analyzer/internal/analyzer/analyzer.go:294.2,294.14 1 1
web-analyzer/internal/analyzer/analyzer.go:297.55,301.26 2 1
web-analyzer/internal/analyzer/analyzer.go:301.26,303.3 1 1
web-analyzer/internal/analyzer/analyzer.go:306.2,307.31 2 1
web-analyzer/internal/analyzer/analyzer.go:307.31,309.16 2 1
web-analyzer/internal/analyzer/analyzer.go:309.16,311.4 1 1
web-analyzer/internal/analyzer/analyzer.go:312.3,312.63 1 1
web-analyzer/internal/analyzer/analyzer.go:315.2,315.16 1 1
web-analyzer/internal/analyzer/cache.go:19.47,23.51 4 0
web-analyzer/internal/analyzer/cache.go:23.51,25.3 1 0
web-analyzer/internal/analyzer/cache.go:26.2,26.27 1 0
web-analyzer/internal/analyzer/cache.go:29.44,36.2 3 0
web-analyzer/internal/analyzer/config.go:15.59,17.16 2 0
web-analyzer/internal/analyzer/config.go:17.16,19.3 1 0
web-analyzer/internal/analyzer/config.go:20.2,23.59 3 0
web-analyzer/internal/analyzer/config.go:23.59,25.3 1 0
web-analyzer/internal/analyzer/config.go:26.2,26.18 1 0
