mode: set
web-analyzer/cmd/webanalyzer/main.go:80.13,82.16 2 0
web-analyzer/cmd/webanalyzer/main.go:82.16,84.3 1 0
web-analyzer/cmd/webanalyzer/main.go:85.2,86.16 2 0
web-analyzer/cmd/webanalyzer/main.go:86.16,88.3 1 0
web-analyzer/cmd/webanalyzer/main.go:89.2,101.16 8 0
web-analyzer/cmd/webanalyzer/main.go:101.16,103.3 1 0
web-analyzer/cmd/webanalyzer/main.go:104.2,105.16 2 0
web-analyzer/cmd/webanalyzer/main.go:105.16,107.3 1 0
web-analyzer/cmd/webanalyzer/main.go:108.2,110.61 3 0
web-analyzer/cmd/webanalyzer/main.go:110.61,112.3 1 0
web-analyzer/pkg/embed/embed.go:18.76,21.50 1 0
web-analyzer/pkg/embed/embed.go:21.50,23.4 1 0
web-analyzer/pkg/embed/embed.go:25.2,25.56 1 0
web-analyzer/pkg/embed/embed.go:29.62,31.16 2 0
web-analyzer/pkg/embed/embed.go:31.16,33.3 1 0
web-analyzer/pkg/embed/embed.go:34.2,34.18 1 0
web-analyzer/internal/helpers/fetchRenderedDOM.go:12.57,14.24 2 0
web-analyzer/internal/helpers/fetchRenderedDOM.go:14.24,16.3 1 0
web-analyzer/internal/helpers/fetchRenderedDOM.go:18.2,20.16 3 0
web-analyzer/internal/helpers/fetchRenderedDOM.go:20.16,22.3 1 0
web-analyzer/internal/helpers/fetchRenderedDOM.go:23.2,27.16 4 0
web-analyzer/internal/helpers/fetchRenderedDOM.go:27.16,29.3 1 0
web-analyzer/internal/helpers/fetchRenderedDOM.go:30.2,32.38 2 0
web-analyzer/internal/helpers/fetchRenderedDOM.go:32.38,35.3 2 0
web-analyzer/internal/helpers/fetchRenderedDOM.go:37.2,37.30 1 0
web-analyzer/internal/helpers/strings.go:8.38,10.2 1 0
web-analyzer/internal/helpers/strings.go:13.29,15.2 1 0
web-analyzer/internal/helpers/tryStandardFetch.go:12.57,15.16 3 0
web-analyzer/internal/helpers/tryStandardFetch.go:15.16,17.3 1 0
web-analyzer/internal/helpers/tryStandardFetch.go:18.2,20.53 2 0
web-analyzer/internal/helpers/tryStandardFetch.go:20.53,23.3 1 0
web-analyzer/internal/helpers/tryStandardFetch.go:25.2,26.16 2 0
web-analyzer/internal/helpers/tryStandardFetch.go:26.16,28.3 1 0
web-analyzer/internal/helpers/tryStandardFetch.go:31.2,31.120 1 0
web-analyzer/internal/helpers/tryStandardFetch.go:31.120,33.3 1 0
web-analyzer/internal/helpers/tryStandardFetch.go:35.2,35.25 1 0
web-analyzer/pkg/errors/httperrors.go:8.36,10.2 1 0
web-analyzer/internal/server/handlers.go:16.52,19.2 2 0
web-analyzer/internal/server/handlers.go:22.55,23.32 1 0
web-analyzer/internal/server/handlers.go:23.32,26.3 2 0
web-analyzer/internal/server/handlers.go:27.2,27.49 1 0
web-analyzer/internal/server/handlers.go:27.49,29.3 1 0
web-analyzer/internal/server/handlers.go:33.64,34.33 1 0
web-analyzer/internal/server/handlers.go:34.33,37.3 2 0
web-analyzer/internal/server/handlers.go:39.2,40.19 2 0
web-analyzer/internal/server/handlers.go:40.19,43.3 2 0
web-analyzer/internal/server/handlers.go:45.2,45.54 1 0
web-analyzer/internal/server/handlers.go:45.54,49.3 3 0
web-analyzer/internal/server/handlers.go:52.2,56.16 3 0
web-analyzer/internal/server/handlers.go:56.16,59.3 2 0
web-analyzer/internal/server/handlers.go:60.2,76.58 6 0
web-analyzer/internal/server/handlers.go:76.58,78.3 1 0
web-analyzer/internal/server/handlers.go:81.61,82.32 1 0
web-analyzer/internal/server/handlers.go:82.32,85.3 2 0
web-analyzer/internal/server/handlers.go:86.2,86.51 1 0
web-analyzer/internal/server/handlers.go:86.51,88.3 1 0
web-analyzer/internal/server/middleware.go:16.48,17.71 1 0
web-analyzer/internal/server/middleware.go:17.71,21.39 4 0
web-analyzer/internal/server/middleware.go:21.39,25.4 3 0
web-analyzer/internal/server/middleware.go:26.3,29.23 3 0
web-analyzer/internal/server/middleware.go:33.56,34.71 1 0
web-analyzer/internal/server/middleware.go:34.71,43.3 5 0
web-analyzer/internal/server/middleware.go:46.64,47.54 1 0
web-analyzer/internal/server/middleware.go:47.54,48.16 1 0
web-analyzer/internal/server/middleware.go:48.16,49.36 1 0
web-analyzer/internal/server/middleware.go:49.36,52.5 2 0
web-analyzer/internal/server/middleware.go:54.3,54.13 1 0
web-analyzer/internal/server/middleware.go:59.89,60.33 1 0
web-analyzer/internal/server/middleware.go:60.33,62.3 1 0
web-analyzer/internal/server/middleware.go:63.2,63.10 1 0
web-analyzer/internal/server/middleware.go:66.59,67.54 1 0
web-analyzer/internal/server/middleware.go:67.54,68.16 1 0
web-analyzer/internal/server/middleware.go:68.16,69.36 1 0
web-analyzer/internal/server/middleware.go:69.36,71.5 1 0
web-analyzer/internal/server/middleware.go:73.3,73.13 1 0
web-analyzer/internal/analyzer/analyzer.go:50.40,52.56 2 1
web-analyzer/internal/analyzer/analyzer.go:52.56,54.3 1 1
web-analyzer/internal/analyzer/analyzer.go:55.2,55.13 1 1
web-analyzer/internal/analyzer/analyzer.go:58.51,61.16 3 1
web-analyzer/internal/analyzer/analyzer.go:61.16,63.3 1 1
web-analyzer/internal/analyzer/analyzer.go:65.2,66.16 2 1
web-analyzer/internal/analyzer/analyzer.go:66.16,68.3 1 1
web-analyzer/internal/analyzer/analyzer.go:71.2,71.18 1 1
web-analyzer/internal/analyzer/analyzer.go:71.18,73.17 2 0
web-analyzer/internal/analyzer/analyzer.go:73.17,75.4 1 0
web-analyzer/internal/analyzer/analyzer.go:76.3,76.18 1 0
web-analyzer/internal/analyzer/analyzer.go:79.2,81.16 3 1
web-analyzer/internal/analyzer/analyzer.go:81.16,83.3 1 0
web-analyzer/internal/analyzer/analyzer.go:85.2,91.20 4 1
web-analyzer/internal/analyzer/analyzer.go:94.44,97.24 2 1
web-analyzer/internal/analyzer/analyzer.go:97.24,99.3 1 1
web-analyzer/internal/analyzer/analyzer.go:102.2,102.9 1 1
web-analyzer/internal/analyzer/analyzer.go:103.52,104.17 1 1
web-analyzer/internal/analyzer/analyzer.go:105.59,106.34 1 1
web-analyzer/internal/analyzer/analyzer.go:107.50,108.28 1 1
web-analyzer/internal/analyzer/analyzer.go:109.53,110.28 1 1
web-analyzer/internal/analyzer/analyzer.go:111.59,112.34 1 1
web-analyzer/internal/analyzer/analyzer.go:115.2,116.65 2 1
web-analyzer/internal/analyzer/analyzer.go:116.65,118.3 1 1
web-analyzer/internal/analyzer/analyzer.go:120.2,120.36 1 1
web-analyzer/internal/analyzer/analyzer.go:123.47,124.28 1 1
web-analyzer/internal/analyzer/analyzer.go:124.28,125.18 1 1
web-analyzer/internal/analyzer/analyzer.go:125.18,127.4 1 1
web-analyzer/internal/analyzer/analyzer.go:129.2,129.14 1 1
web-analyzer/internal/analyzer/analyzer.go:132.42,135.31 3 1
web-analyzer/internal/analyzer/analyzer.go:135.31,136.30 1 1
web-analyzer/internal/analyzer/analyzer.go:136.30,138.4 1 1
web-analyzer/internal/analyzer/analyzer.go:139.3,139.54 1 1
web-analyzer/internal/analyzer/analyzer.go:139.54,141.4 1 1
web-analyzer/internal/analyzer/analyzer.go:143.2,144.25 2 1
web-analyzer/internal/analyzer/analyzer.go:148.66,154.16 5 1
web-analyzer/internal/analyzer/analyzer.go:154.16,156.127 2 1
web-analyzer/internal/analyzer/analyzer.go:158.2,161.28 3 1
web-analyzer/internal/analyzer/analyzer.go:161.28,162.33 1 1
web-analyzer/internal/analyzer/analyzer.go:162.33,163.18 1 1
web-analyzer/internal/analyzer/analyzer.go:164.17,165.28 1 1
web-analyzer/internal/analyzer/analyzer.go:165.28,167.6 1 1
web-analyzer/internal/analyzer/analyzer.go:168.13,169.33 1 1
web-analyzer/internal/analyzer/analyzer.go:169.33,170.28 1 1
web-analyzer/internal/analyzer/analyzer.go:170.28,172.39 2 1
web-analyzer/internal/analyzer/analyzer.go:172.39,173.16 1 1
web-analyzer/internal/analyzer/analyzer.go:175.7,181.31 6 1
web-analyzer/internal/analyzer/analyzer.go:181.31,183.8 1 1
web-analyzer/internal/analyzer/analyzer.go:183.13,185.8 1 1
web-analyzer/internal/analyzer/analyzer.go:188.17,189.33 1 1
web-analyzer/internal/analyzer/analyzer.go:189.33,190.71 1 1
web-analyzer/internal/analyzer/analyzer.go:190.71,192.7 1 1
web-analyzer/internal/analyzer/analyzer.go:194.12,195.39 1 1
web-analyzer/internal/analyzer/analyzer.go:195.39,200.6 1 1
web-analyzer/internal/analyzer/analyzer.go:205.3,205.54 1 1
web-analyzer/internal/analyzer/analyzer.go:205.54,207.4 1 1
web-analyzer/internal/analyzer/analyzer.go:209.2,212.50 3 1
web-analyzer/internal/analyzer/analyzer.go:215.101,218.16 3 1
web-analyzer/internal/analyzer/analyzer.go:218.16,219.20 1 1
web-analyzer/internal/analyzer/analyzer.go:219.20,221.4 1 1
web-analyzer/internal/analyzer/analyzer.go:222.3,222.15 1 1
web-analyzer/internal/analyzer/analyzer.go:225.2,226.16 2 1
web-analyzer/internal/analyzer/analyzer.go:226.16,227.20 1 1
web-analyzer/internal/analyzer/analyzer.go:227.20,229.4 1 1
web-analyzer/internal/analyzer/analyzer.go:230.3,230.15 1 1
web-analyzer/internal/analyzer/analyzer.go:232.2,234.56 2 1
web-analyzer/internal/analyzer/analyzer.go:237.116,242.29 4 1
web-analyzer/internal/analyzer/analyzer.go:242.29,244.27 2 1
web-analyzer/internal/analyzer/analyzer.go:244.27,247.17 3 1
web-analyzer/internal/analyzer/analyzer.go:247.17,247.26 1 1
web-analyzer/internal/analyzer/analyzer.go:249.4,252.10 3 1
web-analyzer/internal/analyzer/analyzer.go:252.10,254.5 1 0
web-analyzer/internal/analyzer/analyzer.go:254.10,256.5 1 1
web-analyzer/internal/analyzer/analyzer.go:257.4,257.15 1 1
web-analyzer/internal/analyzer/analyzer.go:261.2,262.8 2 1
web-analyzer/internal/analyzer/analyzer.go:265.47,268.29 2 1
web-analyzer/internal/analyzer/analyzer.go:268.29,270.3 1 1
web-analyzer/internal/analyzer/analyzer.go:272.2,273.35 2 1
web-analyzer/internal/analyzer/analyzer.go:273.35,279.3 1 1
web-analyzer/internal/analyzer/analyzer.go:281.2,281.14 1 1
web-analyzer/internal/analyzer/analyzer.go:284.55,288.26 2 1
web-analyzer/internal/analyzer/analyzer.go:288.26,290.3 1 1
web-analyzer/internal/analyzer/analyzer.go:293.2,294.31 2 1
web-analyzer/internal/analyzer/analyzer.go:294.31,296.16 2 1
web-analyzer/internal/analyzer/analyzer.go:296.16,298.4 1 1
web-analyzer/internal/analyzer/analyzer.go:299.3,299.63 1 1
web-analyzer/internal/analyzer/analyzer.go:302.2,302.16 1 1
web-analyzer/internal/analyzer/browser.go:11.56,13.21 2 0
web-analyzer/internal/analyzer/browser.go:13.21,15.3 1 0
web-analyzer/internal/analyzer/browser.go:17.2,19.16 3 0
web-analyzer/internal/analyzer/browser.go:19.16,21.3 1 0
web-analyzer/internal/analyzer/browser.go:22.2,26.16 4 0
web-analyzer/internal/analyzer/browser.go:26.16,28.3 1 0
web-analyzer/internal/analyzer/browser.go:29.2,31.38 2 0
web-analyzer/internal/analyzer/browser.go:31.38,34.3 2 0
web-analyzer/internal/analyzer/browser.go:36.2,36.30 1 0
web-analyzer/internal/analyzer/cache.go:19.47,23.51 4 0
web-analyzer/internal/analyzer/cache.go:23.51,25.3 1 0
web-analyzer/internal/analyzer/cache.go:26.2,26.27 1 0
web-analyzer/internal/analyzer/cache.go:29.44,36.2 3 0
web-analyzer/internal/analyzer/config.go:14.48,16.16 2 0
web-analyzer/internal/analyzer/config.go:16.16,18.3 1 0
web-analyzer/internal/analyzer/config.go:19.2,20.51 2 0
web-analyzer/internal/analyzer/config.go:20.51,22.3 1 0
web-analyzer/internal/analyzer/config.go:23.2,23.18 1 0
