mode: set
web-analyzer/cmd/webanalyzer/main.go:80.13,82.16 2 0
web-analyzer/cmd/webanalyzer/main.go:82.16,84.3 1 0
web-analyzer/cmd/webanalyzer/main.go:85.2,86.16 2 0
web-analyzer/cmd/webanalyzer/main.go:86.16,88.3 1 0
web-analyzer/cmd/webanalyzer/main.go:89.2,101.16 8 0
web-analyzer/cmd/webanalyzer/main.go:101.16,103.3 1 0
web-analyzer/cmd/webanalyzer/main.go:104.2,105.16 2 0
web-analyzer/cmd/webanalyzer/main.go:105.16,107.3 1 0
web-analyzer/cmd/webanalyzer/main.go:108.2,110.61 3 0
web-analyzer/cmd/webanalyzer/main.go:110.61,112.3 1 0
web-analyzer/internal/server/handlers.go:16.52,19.2 2 0
web-analyzer/internal/server/handlers.go:22.55,23.32 1 0
web-analyzer/internal/server/handlers.go:23.32,26.3 2 0
web-analyzer/internal/server/handlers.go:27.2,27.49 1 0
web-analyzer/internal/server/handlers.go:27.49,29.3 1 0
web-analyzer/internal/server/handlers.go:33.64,34.33 1 0
web-analyzer/internal/server/handlers.go:34.33,37.3 2 0
web-analyzer/internal/server/handlers.go:39.2,40.19 2 0
web-analyzer/internal/server/handlers.go:40.19,43.3 2 0
web-analyzer/internal/server/handlers.go:45.2,45.54 1 0
web-analyzer/internal/server/handlers.go:45.54,49.3 3 0
web-analyzer/internal/server/handlers.go:52.2,56.16 3 0
web-analyzer/internal/server/handlers.go:56.16,59.3 2 0
web-analyzer/internal/server/handlers.go:60.2,76.58 6 0
web-analyzer/internal/server/handlers.go:76.58,78.3 1 0
web-analyzer/internal/server/handlers.go:81.61,82.32 1 0
web-analyzer/internal/server/handlers.go:82.32,85.3 2 0
web-analyzer/internal/server/handlers.go:86.2,86.51 1 0
web-analyzer/internal/server/handlers.go:86.51,88.3 1 0
web-analyzer/internal/server/middleware.go:16.48,17.71 1 0
web-analyzer/internal/server/middleware.go:17.71,21.39 4 0
web-analyzer/internal/server/middleware.go:21.39,25.4 3 0
web-analyzer/internal/server/middleware.go:26.3,29.23 3 0
web-analyzer/internal/server/middleware.go:33.56,34.71 1 0
web-analyzer/internal/server/middleware.go:34.71,43.3 5 0
web-analyzer/internal/server/middleware.go:46.64,47.54 1 0
web-analyzer/internal/server/middleware.go:47.54,48.16 1 0
web-analyzer/internal/server/middleware.go:48.16,49.36 1 0
web-analyzer/internal/server/middleware.go:49.36,52.5 2 0
web-analyzer/internal/server/middleware.go:54.3,54.13 1 0
web-analyzer/internal/server/middleware.go:59.89,60.33 1 0
web-analyzer/internal/server/middleware.go:60.33,62.3 1 0
web-analyzer/internal/server/middleware.go:63.2,63.10 1 0
web-analyzer/internal/server/middleware.go:66.59,67.54 1 0
web-analyzer/internal/server/middleware.go:67.54,68.16 1 0
web-analyzer/internal/server/middleware.go:68.16,69.36 1 0
web-analyzer/internal/server/middleware.go:69.36,71.5 1 0
web-analyzer/internal/server/middleware.go:73.3,73.13 1 0
web-analyzer/internal/helpers/fetchRenderedDOM.go:12.57,14.24 2 0
web-analyzer/internal/helpers/fetchRenderedDOM.go:14.24,16.3 1 0
web-analyzer/internal/helpers/fetchRenderedDOM.go:18.2,20.16 3 0
web-analyzer/internal/helpers/fetchRenderedDOM.go:20.16,22.3 1 0
web-analyzer/internal/helpers/fetchRenderedDOM.go:23.2,27.16 4 0
web-analyzer/internal/helpers/fetchRenderedDOM.go:27.16,29.3 1 0
web-analyzer/internal/helpers/fetchRenderedDOM.go:30.2,32.38 2 0
web-analyzer/internal/helpers/fetchRenderedDOM.go:32.38,35.3 2 0
web-analyzer/internal/helpers/fetchRenderedDOM.go:37.2,37.30 1 0
web-analyzer/internal/helpers/strings.go:8.38,10.2 1 0
web-analyzer/internal/helpers/strings.go:13.29,15.2 1 0
web-analyzer/internal/helpers/tryStandardFetch.go:12.57,15.16 3 0
web-analyzer/internal/helpers/tryStandardFetch.go:15.16,17.3 1 0
web-analyzer/internal/helpers/tryStandardFetch.go:18.2,20.53 2 0
web-analyzer/internal/helpers/tryStandardFetch.go:20.53,23.3 1 0
web-analyzer/internal/helpers/tryStandardFetch.go:25.2,26.16 2 0
web-analyzer/internal/helpers/tryStandardFetch.go:26.16,28.3 1 0
web-analyzer/internal/helpers/tryStandardFetch.go:31.2,31.120 1 0
web-analyzer/internal/helpers/tryStandardFetch.go:31.120,33.3 1 0
web-analyzer/internal/helpers/tryStandardFetch.go:35.2,35.25 1 0
web-analyzer/pkg/embed/embed.go:18.76,21.50 1 0
web-analyzer/pkg/embed/embed.go:21.50,23.4 1 0
web-analyzer/pkg/embed/embed.go:25.2,25.56 1 0
web-analyzer/pkg/embed/embed.go:29.62,31.16 2 0
web-analyzer/pkg/embed/embed.go:31.16,33.3 1 0
web-analyzer/pkg/embed/embed.go:34.2,34.18 1 0
web-analyzer/pkg/errors/httperrors.go:8.36,10.2 1 0
web-analyzer/internal/analyzer/analyzer.go:50.40,52.56 2 1
web-analyzer/internal/analyzer/analyzer.go:52.56,54.3 1 1
web-analyzer/internal/analyzer/analyzer.go:55.2,55.13 1 1
web-analyzer/internal/analyzer/analyzer.go:100.51,103.16 3 1
web-analyzer/internal/analyzer/analyzer.go:103.16,105.3 1 1
web-analyzer/internal/analyzer/analyzer.go:107.2,108.16 2 1
web-analyzer/internal/analyzer/analyzer.go:108.16,110.3 1 1
web-analyzer/internal/analyzer/analyzer.go:113.2,113.18 1 1
web-analyzer/internal/analyzer/analyzer.go:113.18,115.17 2 0
web-analyzer/internal/analyzer/analyzer.go:115.17,117.4 1 0
web-analyzer/internal/analyzer/analyzer.go:118.3,118.18 1 0
web-analyzer/internal/analyzer/analyzer.go:121.2,123.16 3 1
web-analyzer/internal/analyzer/analyzer.go:123.16,125.3 1 0
web-analyzer/internal/analyzer/analyzer.go:127.2,133.20 4 1
web-analyzer/internal/analyzer/analyzer.go:136.44,139.24 2 1
web-analyzer/internal/analyzer/analyzer.go:139.24,141.3 1 1
web-analyzer/internal/analyzer/analyzer.go:144.2,144.9 1 1
web-analyzer/internal/analyzer/analyzer.go:145.52,146.17 1 1
web-analyzer/internal/analyzer/analyzer.go:147.59,148.34 1 1
web-analyzer/internal/analyzer/analyzer.go:149.50,150.28 1 1
web-analyzer/internal/analyzer/analyzer.go:151.53,152.28 1 1
web-analyzer/internal/analyzer/analyzer.go:153.59,154.34 1 1
web-analyzer/internal/analyzer/analyzer.go:157.2,158.65 2 1
web-analyzer/internal/analyzer/analyzer.go:158.65,160.3 1 1
web-analyzer/internal/analyzer/analyzer.go:162.2,162.36 1 1
web-analyzer/internal/analyzer/analyzer.go:165.47,166.28 1 1
web-analyzer/internal/analyzer/analyzer.go:166.28,167.18 1 1
web-analyzer/internal/analyzer/analyzer.go:167.18,169.4 1 1
web-analyzer/internal/analyzer/analyzer.go:171.2,171.14 1 1
web-analyzer/internal/analyzer/analyzer.go:174.42,177.31 3 1
web-analyzer/internal/analyzer/analyzer.go:177.31,178.30 1 1
web-analyzer/internal/analyzer/analyzer.go:178.30,180.4 1 1
web-analyzer/internal/analyzer/analyzer.go:181.3,181.54 1 1
web-analyzer/internal/analyzer/analyzer.go:181.54,183.4 1 1
web-analyzer/internal/analyzer/analyzer.go:185.2,186.25 2 1
web-analyzer/internal/analyzer/analyzer.go:190.66,196.16 5 1
web-analyzer/internal/analyzer/analyzer.go:196.16,198.127 2 1
web-analyzer/internal/analyzer/analyzer.go:200.2,203.28 3 1
web-analyzer/internal/analyzer/analyzer.go:203.28,204.33 1 1
web-analyzer/internal/analyzer/analyzer.go:204.33,205.18 1 1
web-analyzer/internal/analyzer/analyzer.go:206.17,207.28 1 1
web-analyzer/internal/analyzer/analyzer.go:207.28,209.6 1 1
web-analyzer/internal/analyzer/analyzer.go:210.13,211.33 1 1
web-analyzer/internal/analyzer/analyzer.go:211.33,212.28 1 1
web-analyzer/internal/analyzer/analyzer.go:212.28,214.39 2 1
web-analyzer/internal/analyzer/analyzer.go:214.39,215.16 1 1
web-analyzer/internal/analyzer/analyzer.go:217.7,223.31 6 1
web-analyzer/internal/analyzer/analyzer.go:223.31,225.8 1 1
web-analyzer/internal/analyzer/analyzer.go:225.13,227.8 1 1
web-analyzer/internal/analyzer/analyzer.go:230.17,231.33 1 1
web-analyzer/internal/analyzer/analyzer.go:231.33,232.71 1 1
web-analyzer/internal/analyzer/analyzer.go:232.71,234.7 1 1
web-analyzer/internal/analyzer/analyzer.go:236.12,237.39 1 1
web-analyzer/internal/analyzer/analyzer.go:237.39,242.6 1 1
web-analyzer/internal/analyzer/analyzer.go:247.3,247.54 1 1
web-analyzer/internal/analyzer/analyzer.go:247.54,249.4 1 1
web-analyzer/internal/analyzer/analyzer.go:251.2,254.50 3 1
web-analyzer/internal/analyzer/analyzer.go:257.101,260.16 3 1
web-analyzer/internal/analyzer/analyzer.go:260.16,261.20 1 1
web-analyzer/internal/analyzer/analyzer.go:261.20,263.4 1 1
web-analyzer/internal/analyzer/analyzer.go:264.3,264.15 1 1
web-analyzer/internal/analyzer/analyzer.go:267.2,268.16 2 1
web-analyzer/internal/analyzer/analyzer.go:268.16,269.20 1 1
web-analyzer/internal/analyzer/analyzer.go:269.20,271.4 1 1
web-analyzer/internal/analyzer/analyzer.go:272.3,272.15 1 1
web-analyzer/internal/analyzer/analyzer.go:274.2,276.56 2 1
web-analyzer/internal/analyzer/analyzer.go:279.116,284.29 4 1
web-analyzer/internal/analyzer/analyzer.go:284.29,286.27 2 1
web-analyzer/internal/analyzer/analyzer.go:286.27,289.17 3 1
web-analyzer/internal/analyzer/analyzer.go:289.17,289.26 1 1
web-analyzer/internal/analyzer/analyzer.go:291.4,294.10 3 1
web-analyzer/internal/analyzer/analyzer.go:294.10,296.5 1 1
web-analyzer/internal/analyzer/analyzer.go:296.10,298.5 1 1
web-analyzer/internal/analyzer/analyzer.go:299.4,299.15 1 1
web-analyzer/internal/analyzer/analyzer.go:303.2,304.8 2 1
web-analyzer/internal/analyzer/analyzer.go:307.47,310.29 2 1
web-analyzer/internal/analyzer/analyzer.go:310.29,312.3 1 1
web-analyzer/internal/analyzer/analyzer.go:314.2,315.35 2 1
web-analyzer/internal/analyzer/analyzer.go:315.35,321.3 1 1
web-analyzer/internal/analyzer/analyzer.go:323.2,323.14 1 1
web-analyzer/internal/analyzer/analyzer.go:326.55,330.26 2 1
web-analyzer/internal/analyzer/analyzer.go:330.26,332.3 1 1
web-analyzer/internal/analyzer/analyzer.go:335.2,336.31 2 1
web-analyzer/internal/analyzer/analyzer.go:336.31,338.16 2 1
web-analyzer/internal/analyzer/analyzer.go:338.16,340.4 1 1
web-analyzer/internal/analyzer/analyzer.go:341.3,341.63 1 1
web-analyzer/internal/analyzer/analyzer.go:344.2,344.16 1 1
web-analyzer/internal/analyzer/browser.go:11.56,13.21 2 0
web-analyzer/internal/analyzer/browser.go:13.21,15.3 1 0
web-analyzer/internal/analyzer/browser.go:17.2,19.16 3 0
web-analyzer/internal/analyzer/browser.go:19.16,21.3 1 0
web-analyzer/internal/analyzer/browser.go:22.2,26.16 4 0
web-analyzer/internal/analyzer/browser.go:26.16,28.3 1 0
web-analyzer/internal/analyzer/browser.go:29.2,31.38 2 0
web-analyzer/internal/analyzer/browser.go:31.38,34.3 2 0
web-analyzer/internal/analyzer/browser.go:36.2,36.30 1 0
web-analyzer/internal/analyzer/cache.go:19.47,23.51 4 0
web-analyzer/internal/analyzer/cache.go:23.51,25.3 1 0
web-analyzer/internal/analyzer/cache.go:26.2,26.27 1 0
web-analyzer/internal/analyzer/cache.go:29.44,36.2 3 0
web-analyzer/internal/analyzer/config.go:14.48,16.16 2 0
web-analyzer/internal/analyzer/config.go:16.16,18.3 1 0
web-analyzer/internal/analyzer/config.go:19.2,20.51 2 0
web-analyzer/internal/analyzer/config.go:20.51,22.3 1 0
web-analyzer/internal/analyzer/config.go:23.2,23.18 1 0
